<?xml version="1.0" encoding="UTF-8"?>
<!-- Generated by org.testng.reporters.JUnitReportReporter -->
<testsuite hostname="AHMajain5NKJG5M" failures="0" tests="6" name="Tests.LoginTest" time="4.211" errors="0" timestamp="2021-07-04T14:04:24 IST" skipped="5">
  <testcase classname="Tests.LoginTest" name="verifyStandardUserLogin" time="4.211"/>
  <system-out/>
  <testcase classname="Tests.LoginTest" name="verifyNoUserNameInput">
    <skipped/>
  </testcase> <!-- verifyNoUserNameInput -->
  <system-out/>
  <testcase classname="Tests.LoginTest" name="verifyHomePage">
    <skipped/>
  </testcase> <!-- verifyHomePage -->
  <system-out/>
  <testcase classname="Tests.LoginTest" name="VerifyLockedOutUserLogin">
    <skipped/>
  </testcase> <!-- VerifyLockedOutUserLogin -->
  <system-out/>
  <testcase classname="Tests.LoginTest" name="verifyNoPasswordInput">
    <skipped/>
  </testcase> <!-- verifyNoPasswordInput -->
  <system-out/>
  <testcase classname="Tests.LoginTest" name="verifyNoUsernameAndPasswordInput">
    <skipped/>
  </testcase> <!-- verifyNoUsernameAndPasswordInput -->
  <system-out/>
</testsuite> <!-- Tests.LoginTest -->
